TN:
SF:src/components/auth/AuthForm.jsx
FN:3,AuthForm
FN:12,(anonymous_1)
FN:30,(anonymous_2)
FN:31,(anonymous_3)
FN:47,(anonymous_4)
FN:57,(anonymous_5)
FNF:6
FNH:0
FNDA:0,AuthForm
FNDA:0,(anonymous_1)
FNDA:0,(anonymous_2)
FNDA:0,(anonymous_3)
FNDA:0,(anonymous_4)
FNDA:0,(anonymous_5)
DA:4,0
DA:5,0
DA:6,0
DA:7,0
DA:8,0
DA:10,0
DA:12,0
DA:13,0
DA:14,0
DA:15,0
DA:17,0
DA:18,0
DA:19,0
DA:21,0
DA:24,0
DA:26,0
DA:30,0
DA:31,0
DA:32,0
DA:34,0
DA:37,0
DA:47,0
DA:57,0
LF:23
LH:0
BRDA:18,0,0,0
BRDA:18,0,1,0
BRDA:32,1,0,0
BRDA:32,1,1,0
BRDA:39,2,0,0
BRDA:39,2,1,0
BRDA:58,3,0,0
BRDA:58,3,1,0
BRDA:64,4,0,0
BRDA:64,4,1,0
BRDA:66,5,0,0
BRDA:66,5,1,0
BRDA:71,6,0,0
BRDA:71,6,1,0
BRDA:75,7,0,0
BRDA:75,7,1,0
BRF:16
BRH:0
end_of_record
TN:
SF:src/components/layout/Footer.jsx
FN:4,Footer
FNF:1
FNH:0
FNDA:0,Footer
DA:5,0
LF:1
LH:0
BRF:0
BRH:0
end_of_record
TN:
SF:src/components/layout/Header.jsx
FN:4,Header
FNF:1
FNH:0
FNDA:0,Header
DA:5,0
LF:1
LH:0
BRF:0
BRH:0
end_of_record
TN:
SF:src/components/layout/MainLayout.jsx
FN:12,MainLayout
FNF:1
FNH:0
FNDA:0,MainLayout
DA:13,0
LF:1
LH:0
BRF:0
BRH:0
end_of_record
TN:
SF:src/components/routing/GuestOnlyRoute.jsx
FN:3,GuestOnlyRoute
FNF:1
FNH:0
FNDA:0,GuestOnlyRoute
DA:4,0
DA:5,0
DA:8,0
LF:3
LH:0
BRDA:4,0,0,0
BRDA:4,0,1,0
BRF:2
BRH:0
end_of_record
TN:
SF:src/components/routing/ProtectedRoute.jsx
FN:7,ProtectedRoute
FNF:1
FNH:0
FNDA:0,ProtectedRoute
DA:8,0
DA:10,0
DA:11,0
DA:20,0
LF:4
LH:0
BRDA:10,0,0,0
BRDA:10,0,1,0
BRF:2
BRH:0
end_of_record
TN:
SF:src/components/tasks/EditTaskForm.jsx
FN:3,EditTaskForm
FN:19,(anonymous_1)
FN:79,(anonymous_2)
FN:119,(anonymous_3)
FNF:4
FNH:4
FNDA:41,EditTaskForm
FNDA:2,(anonymous_1)
FNDA:34,(anonymous_2)
FNDA:1,(anonymous_3)
DA:4,41
DA:5,41
DA:9,41
DA:10,41
DA:11,41
DA:13,41
DA:16,41
DA:19,41
DA:20,2
DA:22,2
DA:24,2
DA:25,2
DA:27,2
DA:28,1
DA:29,1
DA:32,1
DA:33,0
DA:36,0
DA:39,1
DA:41,1
DA:43,1
DA:44,1
DA:49,0
DA:53,1
DA:57,41
DA:80,34
DA:81,34
DA:82,34
DA:120,1
DA:121,1
LF:30
LH:27
BRDA:4,0,0,41
BRDA:4,0,1,0
BRDA:16,1,0,41
BRDA:16,1,1,3
BRDA:22,2,0,0
BRDA:22,2,1,2
BRDA:27,3,0,1
BRDA:27,3,1,1
BRDA:32,4,0,0
BRDA:32,4,1,1
BRDA:39,5,0,0
BRDA:39,5,1,1
BRDA:50,6,0,0
BRDA:50,6,1,0
BRDA:89,7,0,1
BRDA:89,7,1,40
BRDA:103,8,0,41
BRDA:103,8,1,1
BRDA:129,9,0,41
BRDA:129,9,1,0
BRDA:139,10,0,41
BRDA:139,10,1,40
BRDA:141,11,0,1
BRDA:141,11,1,40
BRF:24
BRH:17
end_of_record
TN:
SF:src/components/tasks/NewTaskForm.jsx
FN:10,(anonymous_0)
FN:15,(anonymous_1)
FN:54,(anonymous_2)
FNF:3
FNH:3
FNDA:51,(anonymous_0)
FNDA:2,(anonymous_1)
FNDA:45,(anonymous_2)
DA:10,1
DA:11,51
DA:12,51
DA:13,51
DA:15,51
DA:16,2
DA:18,2
DA:20,2
DA:21,0
DA:22,0
DA:25,2
DA:26,0
DA:27,0
DA:30,2
DA:31,2
DA:33,2
DA:34,2
DA:35,1
DA:37,1
DA:39,2
DA:43,51
DA:54,45
LF:22
LH:18
BRDA:20,0,0,0
BRDA:20,0,1,2
BRDA:25,1,0,0
BRDA:25,1,1,2
BRDA:59,2,0,51
BRDA:59,2,1,49
BRDA:60,3,0,2
BRDA:60,3,1,49
BRDA:63,4,0,51
BRDA:63,4,1,1
BRF:10
BRH:8
end_of_record
TN:
SF:src/components/tasks/TaskItem.jsx
FN:12,TaskItem
FN:18,(anonymous_1)
FN:27,(anonymous_2)
FNF:3
FNH:0
FNDA:0,TaskItem
FNDA:0,(anonymous_1)
FNDA:0,(anonymous_2)
DA:13,0
DA:18,0
DA:19,0
DA:20,0
DA:21,0
DA:27,0
DA:28,0
DA:29,0
DA:30,0
DA:33,0
LF:10
LH:0
BRDA:43,0,0,0
BRDA:43,0,1,0
BRDA:49,1,0,0
BRDA:49,1,1,0
BRF:4
BRH:0
end_of_record
TN:
SF:src/components/tasks/TaskList.jsx
FN:14,TaskList
FN:32,(anonymous_1)
FN:43,(anonymous_2)
FN:58,(anonymous_3)
FN:73,(anonymous_4)
FN:78,(anonymous_5)
FN:79,(anonymous_6)
FN:106,(anonymous_7)
FN:115,(anonymous_8)
FN:145,(anonymous_9)
FNF:10
FNH:0
FNDA:0,TaskList
FNDA:0,(anonymous_1)
FNDA:0,(anonymous_2)
FNDA:0,(anonymous_3)
FNDA:0,(anonymous_4)
FNDA:0,(anonymous_5)
FNDA:0,(anonymous_6)
FNDA:0,(anonymous_7)
FNDA:0,(anonymous_8)
FNDA:0,(anonymous_9)
DA:15,0
DA:16,0
DA:25,0
DA:32,0
DA:33,0
DA:34,0
DA:43,0
DA:44,0
DA:46,0
DA:47,0
DA:49,0
DA:58,0
DA:59,0
DA:61,0
DA:62,0
DA:64,0
DA:71,0
DA:72,0
DA:73,0
DA:77,0
DA:79,0
DA:80,0
DA:81,0
DA:82,0
DA:87,0
DA:107,0
DA:115,0
DA:146,0
LF:28
LH:0
BRDA:80,0,0,0
BRDA:80,0,1,0
BRDA:81,1,0,0
BRDA:81,1,1,0
BRDA:95,2,0,0
BRDA:95,2,1,0
BRDA:111,3,0,0
BRDA:111,3,1,0
BRDA:121,4,0,0
BRDA:121,4,1,0
BRDA:121,4,2,0
BRDA:125,5,0,0
BRDA:125,5,1,0
BRDA:129,6,0,0
BRDA:129,6,1,0
BRDA:129,6,2,0
BRDA:129,6,3,0
BRDA:138,7,0,0
BRDA:138,7,1,0
BRF:19
BRH:0
end_of_record
TN:
SF:src/hooks/testHookExample.js
FNF:0
FNH:0
LF:0
LH:0
BRF:0
BRH:0
end_of_record
TN:
SF:src/hooks/useAuth.js
FN:4,useAuth
FN:8,(anonymous_1)
FN:11,(anonymous_2)
FN:31,(anonymous_3)
FN:36,(anonymous_4)
FN:42,(anonymous_5)
FN:58,(anonymous_6)
FN:69,(anonymous_7)
FNF:8
FNH:0
FNDA:0,useAuth
FNDA:0,(anonymous_1)
FNDA:0,(anonymous_2)
FNDA:0,(anonymous_3)
FNDA:0,(anonymous_4)
FNDA:0,(anonymous_5)
FNDA:0,(anonymous_6)
FNDA:0,(anonymous_7)
DA:5,0
DA:6,0
DA:8,0
DA:9,0
DA:11,0
DA:15,0
DA:17,0
DA:19,0
DA:20,0
DA:23,0
DA:24,0
DA:27,0
DA:31,0
DA:32,0
DA:33,0
DA:36,0
DA:37,0
DA:38,0
DA:42,0
DA:43,0
DA:53,0
DA:55,0
DA:58,0
DA:59,0
DA:64,0
DA:66,0
DA:69,0
DA:70,0
DA:72,0
DA:75,0
LF:30
LH:0
BRDA:17,0,0,0
BRDA:17,0,1,0
BRDA:19,1,0,0
BRDA:19,1,1,0
BRDA:53,2,0,0
BRDA:53,2,1,0
BRDA:64,3,0,0
BRDA:64,3,1,0
BRDA:72,4,0,0
BRDA:72,4,1,0
BRDA:77,5,0,0
BRDA:77,5,1,0
BRF:12
BRH:0
end_of_record
TN:
SF:src/hooks/useTasks.js
FN:11,useTasks
FN:19,(anonymous_1)
FN:44,(anonymous_2)
FN:55,(anonymous_3)
FN:67,(anonymous_4)
FN:78,(anonymous_5)
FN:79,(anonymous_6)
FN:95,(anonymous_7)
FN:106,(anonymous_8)
FN:107,(anonymous_9)
FN:113,(anonymous_10)
FN:114,(anonymous_11)
FNF:12
FNH:6
FNDA:10,useTasks
FNDA:3,(anonymous_1)
FNDA:1,(anonymous_2)
FNDA:1,(anonymous_3)
FNDA:0,(anonymous_4)
FNDA:0,(anonymous_5)
FNDA:0,(anonymous_6)
FNDA:0,(anonymous_7)
FNDA:0,(anonymous_8)
FNDA:0,(anonymous_9)
FNDA:3,(anonymous_10)
FNDA:3,(anonymous_11)
DA:12,10
DA:13,10
DA:14,10
DA:19,10
DA:20,3
DA:21,3
DA:23,3
DA:29,3
DA:30,1
DA:32,2
DA:35,3
DA:43,10
DA:45,1
DA:51,1
DA:52,0
DA:55,1
DA:66,10
DA:68,0
DA:74,0
DA:75,0
DA:78,0
DA:79,0
DA:80,0
DA:94,10
DA:96,0
DA:102,0
DA:103,0
DA:106,0
DA:107,0
DA:113,10
DA:114,3
DA:115,3
DA:118,3
DA:121,10
LF:34
LH:22
BRDA:29,0,0,1
BRDA:29,0,1,2
BRDA:32,1,0,2
BRDA:32,1,1,0
BRDA:51,2,0,0
BRDA:51,2,1,1
BRDA:74,3,0,0
BRDA:74,3,1,0
BRDA:80,4,0,0
BRDA:80,4,1,0
BRDA:102,5,0,0
BRDA:102,5,1,0
BRF:12
BRH:4
end_of_record
TN:
SF:src/pages/EditTaskPage.jsx
FN:11,EditTaskPage
FN:19,(anonymous_1)
FN:22,(anonymous_2)
FN:75,(anonymous_3)
FN:80,(anonymous_4)
FN:123,(anonymous_5)
FNF:6
FNH:0
FNDA:0,EditTaskPage
FNDA:0,(anonymous_1)
FNDA:0,(anonymous_2)
FNDA:0,(anonymous_3)
FNDA:0,(anonymous_4)
FNDA:0,(anonymous_5)
DA:12,0
DA:13,0
DA:15,0
DA:16,0
DA:17,0
DA:19,0
DA:20,0
DA:22,0
DA:23,0
DA:24,0
DA:25,0
DA:27,0
DA:29,0
DA:30,0
DA:31,0
DA:32,0
DA:35,0
DA:38,0
DA:39,0
DA:48,0
DA:50,0
DA:51,0
DA:54,0
DA:55,0
DA:56,0
DA:59,0
DA:61,0
DA:62,0
DA:67,0
DA:68,0
DA:73,0
DA:75,0
DA:76,0
DA:80,0
DA:81,0
DA:82,0
DA:88,0
DA:93,0
DA:103,0
DA:104,0
DA:109,0
DA:110,0
DA:115,0
DA:123,0
DA:124,0
DA:127,0
DA:128,0
DA:135,0
DA:136,0
DA:153,0
LF:50
LH:0
BRDA:27,0,0,0
BRDA:27,0,1,0
BRDA:29,1,0,0
BRDA:29,1,1,0
BRDA:29,2,0,0
BRDA:29,2,1,0
BRDA:30,3,0,0
BRDA:30,3,1,0
BRDA:48,4,0,0
BRDA:48,4,1,0
BRDA:50,5,0,0
BRDA:50,5,1,0
BRDA:54,6,0,0
BRDA:54,6,1,0
BRDA:61,7,0,0
BRDA:61,7,1,0
BRDA:67,8,0,0
BRDA:67,8,1,0
BRDA:81,9,0,0
BRDA:81,9,1,0
BRDA:81,10,0,0
BRDA:81,10,1,0
BRDA:103,11,0,0
BRDA:103,11,1,0
BRDA:109,12,0,0
BRDA:109,12,1,0
BRDA:127,13,0,0
BRDA:127,13,1,0
BRDA:135,14,0,0
BRDA:135,14,1,0
BRDA:135,15,0,0
BRDA:135,15,1,0
BRDA:143,16,0,0
BRDA:143,16,1,0
BRF:34
BRH:0
end_of_record
TN:
SF:src/pages/HomePage.jsx
FN:3,HomePage
FNF:1
FNH:0
FNDA:0,HomePage
DA:4,0
LF:1
LH:0
BRDA:17,0,0,0
BRDA:17,0,1,0
BRDA:19,1,0,0
BRDA:19,1,1,0
BRF:4
BRH:0
end_of_record
TN:
SF:src/pages/LoginPage.jsx
FN:8,LoginPage
FN:20,(anonymous_1)
FN:53,(anonymous_2)
FN:65,(anonymous_3)
FNF:4
FNH:4
FNDA:68,LoginPage
FNDA:2,(anonymous_1)
FNDA:38,(anonymous_2)
FNDA:24,(anonymous_3)
DA:9,68
DA:10,68
DA:12,68
DA:13,68
DA:14,68
DA:15,68
DA:18,68
DA:20,68
DA:21,2
DA:22,2
DA:23,2
DA:25,2
DA:26,2
DA:27,1
DA:29,1
DA:31,2
DA:35,68
DA:53,38
DA:65,24
LF:19
LH:19
BRDA:18,0,0,68
BRDA:18,0,1,0
BRDA:77,1,0,2
BRDA:77,1,1,66
BRDA:80,2,0,68
BRDA:80,2,1,1
BRF:6
BRH:5
end_of_record
TN:
SF:src/pages/NotFoundPage.jsx
FN:3,NotFoundPage
FNF:1
FNH:0
FNDA:0,NotFoundPage
DA:4,0
LF:1
LH:0
BRF:0
BRH:0
end_of_record
TN:
SF:src/pages/RegisterPage.jsx
FN:4,RegisterPage
FN:16,(anonymous_1)
FN:82,(anonymous_2)
FN:101,(anonymous_3)
FN:118,(anonymous_4)
FN:136,(anonymous_5)
FNF:6
FNH:0
FNDA:0,RegisterPage
FNDA:0,(anonymous_1)
FNDA:0,(anonymous_2)
FNDA:0,(anonymous_3)
FNDA:0,(anonymous_4)
FNDA:0,(anonymous_5)
DA:5,0
DA:7,0
DA:8,0
DA:9,0
DA:10,0
DA:12,0
DA:13,0
DA:14,0
DA:16,0
DA:17,0
DA:18,0
DA:19,0
DA:21,0
DA:22,0
DA:23,0
DA:26,0
DA:27,0
DA:28,0
DA:31,0
DA:33,0
DA:34,0
DA:40,0
DA:41,0
DA:44,0
DA:45,0
DA:46,0
DA:49,0
DA:51,0
DA:53,0
DA:57,0
DA:83,0
DA:102,0
DA:119,0
DA:137,0
LF:34
LH:0
BRDA:21,0,0,0
BRDA:21,0,1,0
BRDA:26,1,0,0
BRDA:26,1,1,0
BRDA:40,2,0,0
BRDA:40,2,1,0
BRDA:150,3,0,0
BRDA:150,3,1,0
BRDA:155,4,0,0
BRDA:155,4,1,0
BRDA:164,5,0,0
BRDA:164,5,1,0
BRF:12
BRH:0
end_of_record
TN:
SF:src/pages/TaskDetailsPage.jsx
FN:11,TaskDetailsPage
FN:22,(anonymous_1)
FN:25,(anonymous_2)
FN:66,(anonymous_3)
FNF:4
FNH:0
FNDA:0,TaskDetailsPage
FNDA:0,(anonymous_1)
FNDA:0,(anonymous_2)
FNDA:0,(anonymous_3)
DA:12,0
DA:13,0
DA:15,0
DA:16,0
DA:17,0
DA:20,0
DA:22,0
DA:23,0
DA:25,0
DA:26,0
DA:27,0
DA:28,0
DA:30,0
DA:34,0
DA:43,0
DA:45,0
DA:46,0
DA:47,0
DA:50,0
DA:52,0
DA:53,0
DA:58,0
DA:59,0
DA:64,0
DA:66,0
DA:67,0
DA:71,0
DA:72,0
DA:79,0
DA:80,0
DA:97,0
LF:31
LH:0
BRDA:43,0,0,0
BRDA:43,0,1,0
BRDA:45,1,0,0
BRDA:45,1,1,0
BRDA:45,2,0,0
BRDA:45,2,1,0
BRDA:52,3,0,0
BRDA:52,3,1,0
BRDA:58,4,0,0
BRDA:58,4,1,0
BRDA:71,5,0,0
BRDA:71,5,1,0
BRDA:79,6,0,0
BRDA:79,6,1,0
BRDA:79,7,0,0
BRDA:79,7,1,0
BRDA:87,8,0,0
BRDA:87,8,1,0
BRDA:99,9,0,0
BRDA:99,9,1,0
BRDA:112,10,0,0
BRDA:112,10,1,0
BRF:22
BRH:0
end_of_record
TN:
SF:src/pages/TasksPage.jsx
FN:3,TasksPage
FNF:1
FNH:0
FNDA:0,TasksPage
DA:4,0
LF:1
LH:0
BRF:0
BRH:0
end_of_record
